[Sat Mar 12 20:56:06 2022
] : DC-[ 0] [0] added to the master list - NEW DC - Status 0 (Everything is OKAY)[Sat Mar 12 20:56:16 2022
] : DC-[ 0] [0] updated in the master list - MSG RECEIVED - Status 0 (Everything is OKAY)[Sat Mar 12 20:57:06 2022
] : DC-[ 0] [0] added to the master list - NEW DC - Status 0 (Everything is OKAY)[Sat Mar 12 20:57:16 2022
] : DC-[ 0] [0] updated in the master list - MSG RECEIVED - Status 0 (Everything is OKAY)[Sat Mar 12 20:58:35 2022
] : DC-[ 0] [0] added to the master list - NEW DC - Status 0 (Everything is OKAY)[Sat Mar 12 20:59:11 2022
] : DC-[ 0] [0] added to the master list - NEW DC - Status 0 (Everything is OKAY)[Sat Mar 12 21:00:22 2022
] : DC-[ 0] [0] updated in the master list - MSG RECEIVED - Status 0 (Everything is OKAY)[Sat Mar 12 21:01:01 2022
] : DC-[ 0] [3912] added to the master list - NEW DC - Status 0 (Everything is OKAY)[Sat Mar 12 21:01:02 2022
] : DC-[ 4] [3912] updated in the master list - MSG RECEIVED - Status 4 (Operating Temperature Out of[Sat Mar 12 21:01:03 2022
] : DC-[ 4] [3912] updated in the master list - MSG RECEIVED - Status 4 (Operating Temperature Out of[Sat Mar 12 21:01:04 2022
] : DC-[ 2] [3912] updated in the master list - MSG RECEIVED - Status 2 (Safety Button Failure)[Sat Mar 12 21:01:05 2022
] : DC-[ 1] [3912] updated in the master list - MSG RECEIVED - Status 1 (Hydraulic Pressure Failure)[Sat Mar 12 21:01:06 2022
] : DC-[ 3] [3912] updated in the master list - MSG RECEIVED - Status 3 (No Raw Material in the Proce[Sat Mar 12 21:01:07 2022
] : DC-[ 1] [3912] updated in the master list - MSG RECEIVED - Status 1 (Hydraulic Pressure Failure)[Sat Mar 12 21:01:08 2022
] : DC-[ 4] [3912] updated in the master list - MSG RECEIVED - Status 4 (Operating Temperature Out of[Sat Mar 12 21:01:09 2022
] : DC-[ 5] [3912] updated in the master list - MSG RECEIVED - Status 5 (Operator Error)[Sat Mar 12 21:01:10 2022
] : DC-[ 0] [3912] updated in the master list - MSG RECEIVED - Status 0 (Everything is OKAY)[Sat Mar 12 21:04:50 2022
] : DC-[ 5] [3912] updated in the master list - MSG RECEIVED - Status 5 (Operator Error)[Sat Mar 12 21:04:51 2022
] : DC-[ 4] [3912] updated in the master list - MSG RECEIVED - Status 4 (Operating Temperature Out of[Sat Mar 12 21:04:52 2022
] : DC-[ 2] [3912] updated in the master list - MSG RECEIVED - Status 2 (Safety Button Failure)[Sat Mar 12 21:04:53 2022
] : DC-[ 1] [3912] updated in the master list - MSG RECEIVED - Status 1 (Hydraulic Pressure Failure)[Sat Mar 12 21:04:54 2022
] : DC-[ 1] [3912] updated in the master list - MSG RECEIVED - Status 1 (Hydraulic Pressure Failure)[Sat Mar 12 21:04:55 2022
] : DC-[ 3] [3912] updated in the master list - MSG RECEIVED - Status 3 (No Raw Material in the Proce[Sat Mar 12 21:04:56 2022
] : DC-[ 4] [3912] updated in the master list - MSG RECEIVED - Status 4 (Operating Temperature Out of[Sat Mar 12 21:05:13 2022
] : DC-[ 0] [3963] added to the master list - NEW DC - Status 0 (Everything is OKAY)[Sat Mar 12 21:05:14 2022
] : DC-[ 3] [3963] updated in the master list - MSG RECEIVED - Status 3 (No Raw Material in the Proce[Sat Mar 12 21:05:15 2022
] : DC-[ 0] [3963] updated in the master list - MSG RECEIVED - Status 0 (Everything is OKAY)[Sat Mar 12 21:05:16 2022
] : DC-[ 1] [3963] updated in the master list - MSG RECEIVED - Status 1 (Hydraulic Pressure Failure)[Sat Mar 12 21:05:17 2022
] : DC-[ 1] [3963] updated in the master list - MSG RECEIVED - Status 1 (Hydraulic Pressure Failure)[Sat Mar 12 21:05:18 2022
] : DC-[ 4] [3963] updated in the master list - MSG RECEIVED - Status 4 (Operating Temperature Out of[Sat Mar 12 21:05:19 2022
] : DC-[ 1] [3963] updated in the master list - MSG RECEIVED - Status 1 (Hydraulic Pressure Failure)[Sat Mar 12 21:06:57 2022
] : DC-[ 0] [4013] added to the master list - NEW DC - Status 0 (Everything is OKAY)[Sat Mar 12 21:06:58 2022
] : DC-[ 2] [4013] updated in the master list - MSG RECEIVED - Status 2 (Safety Button Failure)[Sat Mar 12 21:06:59 2022
] : DC-[ 2] [4013] updated in the master list - MSG RECEIVED - Status 2 (Safety Button Failure)[Sat Mar 12 21:07:00 2022
] : DC-[ 5] [4013] updated in the master list - MSG RECEIVED - Status 5 (Operator Error)[Sat Mar 12 21:07:01 2022
] : DC-[ 5] [4013] updated in the master list - MSG RECEIVED - Status 5 (Operator Error)[Sat Mar 12 21:07:02 2022
] : DC-[ 2] [4013] updated in the master list - MSG RECEIVED - Status 2 (Safety Button Failure)[Sat Mar 12 21:07:03 2022
] : DC-[ 0] [4013] updated in the master list - MSG RECEIVED - Status 0 (Everything is OKAY)[Sat Mar 12 21:07:04 2022
] : DC-[ 3] [4013] updated in the master list - MSG RECEIVED - Status 3 (No Raw Material in the Proce[Sat Mar 12 21:07:05 2022
] : DC-[ 3] [4013] updated in the master list - MSG RECEIVED - Status 3 (No Raw Material in the Proce[Sat Mar 12 21:12:37 2022
] : DC-[ 2] [4013] updated in the master list - MSG RECEIVED - Status 2 (Safety Button Failure)[Sat Mar 12 21:12:38 2022
] : DC-[ 5] [4013] updated in the master list - MSG RECEIVED - Status 5 (Operator Error)[Sat Mar 12 21:12:39 2022
] : DC-[ 5] [4013] updated in the master list - MSG RECEIVED - Status 5 (Operator Error)[Sat Mar 12 21:12:40 2022
] : DC-[ 3] [4013] updated in the master list - MSG RECEIVED - Status 3 (No Raw Material in the Proce[Sat Mar 12 21:12:41 2022
] : DC-[ 5] [4013] updated in the master list - MSG RECEIVED - Status 5 (Operator Error)[Sat Mar 12 21:12:42 2022
] : DC-[ 4] [4013] updated in the master list - MSG RECEIVED - Status 4 (Operating Temperature Out of[Sat Mar 12 21:13:00 2022
] : DC-[ 0] [4070] added to the master list - NEW DC - Status 0 (Everything is OKAY)[Sat Mar 12 21:13:01 2022
] : DC-[ 2] [4070] updated in the master list - MSG RECEIVED - Status 2 (Safety Button Failure)[Sat Mar 12 21:13:02 2022
] : DC-[ 4] [4070] updated in the master list - MSG RECEIVED - Status 4 (Operating Temperature Out of[Sat Mar 12 21:13:03 2022
] : DC-[ 3] [4070] updated in the master list - MSG RECEIVED - Status 3 (No Raw Material in the Proce[Sat Mar 12 21:13:04 2022
] : DC-[ 1] [4070] updated in the master list - MSG RECEIVED - Status 1 (Hydraulic Pressure Failure)[Sat Mar 12 21:13:05 2022
] : DC-[ 1] [4070] updated in the master list - MSG RECEIVED - Status 1 (Hydraulic Pressure Failure)[Sun Mar 13 11:21:29 2022
] : DC-[ 0] [8125] added to the master list - NEW DC - Status 0 (Everything is OKAY)[Sun Mar 13 11:21:30 2022
] : DC-[ 2] [8125] updated in the master list - MSG RECEIVED - Status 2 (Safety Button Failure)[Sun Mar 13 11:21:31 2022
] : DC-[ 4] [8125] updated in the master list - MSG RECEIVED - Status 4 (Operating Temperature Out of[Sun Mar 13 11:21:32 2022
] : DC-[ 3] [8125] updated in the master list - MSG RECEIVED - Status 3 (No Raw Material in the Proce[Sun Mar 13 11:21:33 2022
] : DC-[ 3] [8125] updated in the master list - MSG RECEIVED - Status 3 (No Raw Material in the Proce[Sun Mar 13 11:21:34 2022
] : DC-[ 1] [8125] updated in the master list - MSG RECEIVED - Status 1 (Hydraulic Pressure Failure)[Sun Mar 13 11:21:35 2022
] : DC-[ 1] [8125] updated in the master list - MSG RECEIVED - Status 1 (Hydraulic Pressure Failure)[Sun Mar 13 11:21:36 2022
] : DC-[ 3] [8125] updated in the master list - MSG RECEIVED - Status 3 (No Raw Material in the Proce[Sun Mar 13 11:21:37 2022
] : DC-[ 3] [8125] updated in the master list - MSG RECEIVED - Status 3 (No Raw Material in the Proce[Sun Mar 13 11:21:38 2022
] : DC-[ 2] [8125] updated in the master list - MSG RECEIVED - Status 2 (Safety Button Failure)[Sun Mar 13 11:21:39 2022
] : DC-[ 4] [8125] updated in the master list - MSG RECEIVED - Status 4 (Operating Temperature Out of[Sun Mar 13 11:21:40 2022
] : DC-[ 1] [8125] updated in the master list - MSG RECEIVED - Status 1 (Hydraulic Pressure Failure)[Sun Mar 13 11:21:41 2022
] : DC-[ 5] [8125] updated in the master list - MSG RECEIVED - Status 5 (Operator Error)[Sun Mar 13 11:21:42 2022
] : DC-[ 3] [8125] updated in the master list - MSG RECEIVED - Status 3 (No Raw Material in the Proce[Sun Mar 13 11:21:43 2022
] : DC-[ 2] [8125] updated in the master list - MSG RECEIVED - Status 2 (Safety Button Failure)[Sun Mar 13 11:21:44 2022
] : DC-[ 0] [8125] updated in the master list - MSG RECEIVED - Status 0 (Everything is OKAY)[Sun Mar 13 11:21:45 2022
] : DC-[ 2] [8125] updated in the master list - MSG RECEIVED - Status 2 (Safety Button Failure)[Sun Mar 13 11:21:46 2022
] : DC-[ 3] [8125] updated in the master list - MSG RECEIVED - Status 3 (No Raw Material in the Proce[Sun Mar 13 11:21:47 2022
] : DC-[ 0] [8125] updated in the master list - MSG RECEIVED - Status 0 (Everything is OKAY)[Sun Mar 13 11:21:48 2022
] : DC-[ 4] [8125] updated in the master list - MSG RECEIVED - Status 4 (Operating Temperature Out of[Sun Mar 13 11:21:49 2022
] : DC-[ 2] [8125] updated in the master list - MSG RECEIVED - Status 2 (Safety Button Failure)[Sun Mar 13 11:21:50 2022
] : DC-[ 5] [8125] updated in the master list - MSG RECEIVED - Status 5 (Operator Error)[Sun Mar 13 11:21:51 2022
] : DC-[ 1] [8125] updated in the master list - MSG RECEIVED - Status 1 (Hydraulic Pressure Failure)[Sun Mar 13 11:21:52 2022
] : DC-[ 3] [8125] updated in the master list - MSG RECEIVED - Status 3 (No Raw Material in the Proce[Sun Mar 13 11:21:53 2022
] : DC-[ 5] [8125] updated in the master list - MSG RECEIVED - Status 5 (Operator Error)[Sun Mar 13 11:21:54 2022
] : DC-[ 3] [8125] updated in the master list - MSG RECEIVED - Status 3 (No Raw Material in the Proce[Sun Mar 13 11:21:55 2022
] : DC-[ 5] [8125] updated in the master list - MSG RECEIVED - Status 5 (Operator Error)[Sun Mar 13 11:27:39 2022
] : DC-[ 1] [8125] updated in the master list - MSG RECEIVED - Status 1 (Hydraulic Pressure Failure)[Sun Mar 13 11:27:40 2022
] : DC-[ 0] [8125] updated in the master list - MSG RECEIVED - Status 0 (Everything is OKAY)[Sun Mar 13 11:27:41 2022
] : DC-[ 2] [8125] updated in the master list - MSG RECEIVED - Status 2 (Safety Button Failure)[Sun Mar 13 11:27:42 2022
] : DC-[ 0] [8125] updated in the master list - MSG RECEIVED - Status 0 (Everything is OKAY)[Sun Mar 13 11:27:43 2022
] : DC-[ 4] [8125] updated in the master list - MSG RECEIVED - Status 4 (Operating Temperature Out of[Sun Mar 13 11:27:44 2022
] : DC-[ 4] [8125] updated in the master list - MSG RECEIVED - Status 4 (Operating Temperature Out of[Sun Mar 13 11:28:45 2022
] : DC-[ 2] [8125] updated in the master list - MSG RECEIVED - Status 2 (Safety Button Failure)[Sun Mar 13 11:28:46 2022
] : DC-[ 0] [8125] updated in the master list - MSG RECEIVED - Status 0 (Everything is OKAY)[Sun Mar 13 11:28:47 2022
] : DC-[ 5] [8125] updated in the master list - MSG RECEIVED - Status 5 (Operator Error)[Sun Mar 13 11:28:48 2022
] : DC-[ 1] [8125] updated in the master list - MSG RECEIVED - Status 1 (Hydraulic Pressure Failure)[Sun Mar 13 11:28:49 2022
] : DC-[ 5] [8125] updated in the master list - MSG RECEIVED - Status 5 (Operator Error)[Sun Mar 13 11:29:00 2022
] : DC-[ 0] [8259] added to the master list - NEW DC - Status 0 (Everything is OKAY)[Sun Mar 13 11:29:01 2022
] : DC-[ 3] [8259] updated in the master list - MSG RECEIVED - Status 3 (No Raw Material in the Proce[Sun Mar 13 11:29:02 2022
] : DC-[ 3] [8259] updated in the master list - MSG RECEIVED - Status 3 (No Raw Material in the Proce[Sun Mar 13 11:29:03 2022
] : DC-[ 0] [8259] updated in the master list - MSG RECEIVED - Status 0 (Everything is OKAY)[Sun Mar 13 11:29:04 2022
] : DC-[ 4] [8259] updated in the master list - MSG RECEIVED - Status 4 (Operating Temperature Out of[Sun Mar 13 11:34:07 2022
] : DC-[ 4] [8259] updated in the master list - MSG RECEIVED - Status 4 (Operating Temperature Out of[Sun Mar 13 11:34:08 2022
] : DC-[ 0] [8259] updated in the master list - MSG RECEIVED - Status 0 (Everything is OKAY)[Sun Mar 13 11:34:09 2022
] : DC-[ 4] [8259] updated in the master list - MSG RECEIVED - Status 4 (Operating Temperature Out of[Sun Mar 13 11:34:16 2022
] : DC-[ 0] [8330] added to the master list - NEW DC - Status 0 (Everything is OKAY)[Sun Mar 13 11:38:33 2022
] : DC-[ 0] [8416] added to the master list - NEW DC - Status 0 (Everything is OKAY)[Sun Mar 13 11:40:30 2022
] : DC-[ 0] [8467] added to the master list - NEW DC - Status 0 (Everything is OKAY)[Sun Mar 13 11:43:26 2022
] : DC-[ 0] [8529] added to the master list - NEW DC - Status 0 (Everything is OKAY)[Sun Mar 13 11:48:26 2022
] : DC-[ 0] [8597] added to the master list - NEW DC - Status 0 (Everything is OKAY)[Sun Mar 13 11:51:22 2022
] : DC-[ 0] [8758] added to the master list - NEW DC - Status 0 (Everything is OKAY)[Sun Mar 13 11:55:42 2022
] : DC-[ 0] [8758] updated in the master list - MSG RECEIVED - Status 0 (Everything is OKAY)[Sun Mar 13 11:55:43 2022
] : DC-[ 0] [8758] updated in the master list - MSG RECEIVED - Status 0 (Everything is OKAY)[Sun Mar 13 11:55:44 2022
] : DC-[ 0] [8758] updated in the master list - MSG RECEIVED - Status 0 (Everything is OKAY)[Sun Mar 13 11:55:45 2022
] : DC-[ 0] [8758] updated in the master list - MSG RECEIVED - Status 0 (Everything is OKAY)[Sun Mar 13 11:55:46 2022
] : DC-[ 0] [8758] updated in the master list - MSG RECEIVED - Status 0 (Everything is OKAY)[Sun Mar 13 11:55:47 2022
] : DC-[ 0] [8758] updated in the master list - MSG RECEIVED - Status 0 (Everything is OKAY)[Sun Mar 13 11:55:48 2022
] : DC-[ 0] [8758] updated in the master list - MSG RECEIVED - Status 0 (Everything is OKAY)[Sun Mar 13 11:55:49 2022
] : DC-[ 0] [8758] updated in the master list - MSG RECEIVED - Status 0 (Everything is OKAY)[Sun Mar 13 11:55:50 2022
] : DC-[ 0] [8758] updated in the master list - MSG RECEIVED - Status 0 (Everything is OKAY)[Sun Mar 13 11:55:51 2022
] : DC-[ 0] [8758] updated in the master list - MSG RECEIVED - Status 0 (Everything is OKAY)[Sun Mar 13 11:55:52 2022
] : DC-[ 0] [8758] updated in the master list - MSG RECEIVED - Status 0 (Everything is OKAY)[Sun Mar 13 11:55:53 2022
] : DC-[ 0] [8758] updated in the master list - MSG RECEIVED - Status 0 (Everything is OKAY)[Sun Mar 13 11:55:54 2022
] : DC-[ 0] [8758] updated in the master list - MSG RECEIVED - Status 0 (Everything is OKAY)[Sun Mar 13 11:55:55 2022
] : DC-[ 0] [8758] updated in the master list - MSG RECEIVED - Status 0 (Everything is OKAY)[Sun Mar 13 11:55:56 2022
] : DC-[ 0] [8758] updated in the master list - MSG RECEIVED - Status 0 (Everything is OKAY)[Sun Mar 13 11:55:57 2022
] : DC-[ 0] [8758] updated in the master list - MSG RECEIVED - Status 0 (Everything is OKAY)[Sun Mar 13 11:55:58 2022
] : DC-[ 0] [8758] updated in the master list - MSG RECEIVED - Status 0 (Everything is OKAY)[Sun Mar 13 11:55:59 2022
] : DC-[ 0] [8758] updated in the master list - MSG RECEIVED - Status 0 (Everything is OKAY)[Sun Mar 13 11:56:00 2022
] : DC-[ 0] [8758] updated in the master list - MSG RECEIVED - Status 0 (Everything is OKAY)[Sun Mar 13 11:56:01 2022
] : DC-[ 0] [8758] updated in the master list - MSG RECEIVED - Status 0 (Everything is OKAY)[Sun Mar 13 11:56:02 2022
] : DC-[ 0] [8758] updated in the master list - MSG RECEIVED - Status 0 (Everything is OKAY)[Sun Mar 13 11:56:03 2022
] : DC-[ 0] [8758] updated in the master list - MSG RECEIVED - Status 0 (Everything is OKAY)[Sun Mar 13 11:56:04 2022
] : DC-[ 0] [8758] updated in the master list - MSG RECEIVED - Status 0 (Everything is OKAY)[Sun Mar 13 11:56:05 2022
] : DC-[ 0] [8758] updated in the master list - MSG RECEIVED - Status 0 (Everything is OKAY)[Sun Mar 13 11:56:06 2022
] : DC-[ 0] [8758] updated in the master list - MSG RECEIVED - Status 0 (Everything is OKAY)[Sun Mar 13 11:56:07 2022
] : DC-[ 0] [8758] updated in the master list - MSG RECEIVED - Status 0 (Everything is OKAY)[Sun Mar 13 11:56:08 2022
] : DC-[ 0] [8758] updated in the master list - MSG RECEIVED - Status 0 (Everything is OKAY)[Sun Mar 13 11:56:09 2022
] : DC-[ 0] [8758] updated in the master list - MSG RECEIVED - Status 0 (Everything is OKAY)[Sun Mar 13 11:56:10 2022
] : DC-[ 0] [8758] updated in the master list - MSG RECEIVED - Status 0 (Everything is OKAY)[Sun Mar 13 11:56:11 2022
] : DC-[ 0] [8758] updated in the master list - MSG RECEIVED - Status 0 (Everything is OKAY)[Sun Mar 13 11:56:12 2022
] : DC-[ 0] [8758] updated in the master list - MSG RECEIVED - Status 0 (Everything is OKAY)[Sun Mar 13 11:56:13 2022
] : DC-[ 0] [8758] updated in the master list - MSG RECEIVED - Status 0 (Everything is OKAY)[Sun Mar 13 11:56:14 2022
] : DC-[ 0] [8758] updated in the master list - MSG RECEIVED - Status 0 (Everything is OKAY)[Sun Mar 13 11:56:15 2022
] : DC-[ 0] [8758] updated in the master list - MSG RECEIVED - Status 0 (Everything is OKAY)[Sun Mar 13 11:56:16 2022
] : DC-[ 0] [8758] updated in the master list - MSG RECEIVED - Status 0 (Everything is OKAY)[Sun Mar 13 11:56:17 2022
] : DC-[ 0] [8758] updated in the master list - MSG RECEIVED - Status 0 (Everything is OKAY)[Sun Mar 13 11:56:18 2022
] : DC-[ 0] [8758] updated in the master list - MSG RECEIVED - Status 0 (Everything is OKAY)[Sun Mar 13 11:56:19 2022
] : DC-[ 0] [8758] updated in the master list - MSG RECEIVED - Status 0 (Everything is OKAY)[Sun Mar 13 11:56:20 2022
] : DC-[ 0] [8758] updated in the master list - MSG RECEIVED - Status 0 (Everything is OKAY)[Sun Mar 13 11:56:21 2022
] : DC-[ 0] [8758] updated in the master list - MSG RECEIVED - Status 0 (Everything is OKAY)