[Sat Mar 12 13:29:14 2022
] : ERROR - Start looping [Sat Mar 12 13:31:18 2022
] : ERROR - Start looping [Sat Mar 12 13:31:44 2022
] : ERROR - Start looping
 [Sat Mar 12 13:35:29 2022
] : ERROR - Start looping
 [Sat Mar 12 13:37:08 2022
] : ERROR - Start looping
 [Sat Mar 12 13:42:13 2022
] : ERROR - Start looping
 [Sat Mar 12 13:52:15 2022
] : ERROR - Start looping
 [Sat Mar 12 13:55:51 2022
] : ERROR - Start looping
 [Sat Mar 12 13:58:59 2022
] : ERROR - Start looping
 [Sat Mar 12 14:09:01 2022
] : ERROR - Start looping
 [Sat Mar 12 14:10:47 2022
] : ERROR - Start looping
 [Sat Mar 12 14:11:05 2022
] : ERROR - Start looping
 [Sat Mar 12 14:11:23 2022
] : ERROR - Start looping
 [Sat Mar 12 14:11:58 2022
] : ERROR - Start looping
 [Sat Mar 12 14:19:56 2022
] : ERROR - Start looping
 [Sat Mar 12 14:20:21 2022
] : ERROR - Start looping
 [Sat Mar 12 14:23:28 2022
] : ERROR - Start looping
 [Sat Mar 12 14:24:22 2022
] : ERROR - Start looping
 [Sat Mar 12 14:31:07 2022
] : ERROR - Start looping
 [Sat Mar 12 14:37:05 2022
] : ERROR - Start looping
 [Sat Mar 12 14:42:35 2022
] : ERROR - Start looping
 [Sat Mar 12 14:44:49 2022
] : ERROR - Start looping
 [Sat Mar 12 14:46:11 2022
] : ERROR - Start looping
 [Sat Mar 12 20:53:55 2022
] : ERROR - Start looping
 [Sat Mar 12 20:57:53 2022
] : ERROR - Start looping
 [Sat Mar 12 22:10:16 2022
] : ERROR - Start looping
 [Sat Mar 12 22:18:13 2022
] : ERROR - Start looping
 [Sun Mar 13 14:13:57 2022
] : ERROR - Start looping
 